#
# There is insufficient memory for the Java Runtime Environment to continue.
# Native memory allocation (mmap) failed to map 58720256 bytes for G1 virtual space
# Possible reasons:
#   The system is out of physical RAM or swap space
#   The process is running with CompressedOops enabled, and the Java Heap may be blocking the growth of the native heap
# Possible solutions:
#   Reduce memory load on the system
#   Increase physical memory or swap space
#   Check if swap backing store is full
#   Decrease Java heap size (-Xmx/-Xms)
#   Decrease number of Java threads
#   Decrease Java thread stack sizes (-Xss)
#   Set larger code cache with -XX:ReservedCodeCacheSize=
#   JVM is running with Unscaled Compressed Oops mode in which the Java heap is
#     placed in the first 4GB address space. The Java Heap base address is the
#     maximum limit for the native heap growth. Please use -XX:HeapBaseMinAddress
#     to set the Java Heap base and to place the Java Heap above 4GB virtual address.
# This output file may be truncated or incomplete.
#
#  Out of Memory Error (os_windows.cpp:3771), pid=5408, tid=11940
#
# JRE version:  (17.0.7) (build )
# Java VM: OpenJDK 64-Bit Server VM (17.0.7+0-b2043.56-10550314, mixed mode, sharing, tiered, compressed oops, compressed class ptrs, g1 gc, windows-amd64)
# No core dump will be written. Minidumps are not enabled by default on client versions of Windows
#

---------------  S U M M A R Y ------------

Command Line: org.jetbrains.kotlin.cli.jvm.K2JVMCompiler @D:\Android Project\Practice\FoodApp\app\build\20240309_16875961459557950260.compiler.options

Host: AMD Ryzen 3 3250U with Radeon Graphics         , 4 cores, 3G,  Windows 11 , 64 bit Build 22621 (10.0.22621.3085)
Time: Sat Mar  9 01:05:02 2024 SE Asia Standard Time elapsed time: 0.093828 seconds (0d 0h 0m 0s)

---------------  T H R E A D  ---------------

Current thread (0x000001d6ccd9bd40):  JavaThread "Unknown thread" [_thread_in_vm, id=11940, stack(0x000000c60af00000,0x000000c60b000000)]

Stack: [0x000000c60af00000,0x000000c60b000000]
Native frames: (J=compiled Java code, j=interpreted, Vv=VM code, C=native code)
V  [jvm.dll+0x683bfa]
V  [jvm.dll+0x8430a4]
V  [jvm.dll+0x8449be]
V  [jvm.dll+0x845023]
V  [jvm.dll+0x24ad2f]
V  [jvm.dll+0x680ac9]
V  [jvm.dll+0x67519a]
V  [jvm.dll+0x30b3cb]
V  [jvm.dll+0x312876]
V  [jvm.dll+0x36221e]
V  [jvm.dll+0x36244f]
V  [jvm.dll+0x2e14a8]
V  [jvm.dll+0x2e2414]
V  [jvm.dll+0x814391]
V  [jvm.dll+0x36ffe1]
V  [jvm.dll+0x7f396c]
V  [jvm.dll+0x3f305f]
V  [jvm.dll+0x3f4b91]
C  [jli.dll+0x528f]
C  [ucrtbase.dll+0x29363]
C  [KERNEL32.DLL+0x1257d]
C  [ntdll.dll+0x5aa58]


---------------  P R O C E S S  ---------------

Threads class SMR info:
_java_thread_list=0x00007ffeaf4dd098, length=0, elements={
}

Java Threads: ( => current thread )

Other Threads:
  0x000001d6ccdd5cf0 GCTaskThread "GC Thread#0" [stack: 0x000000c60b000000,0x000000c60b100000] [id=5632]
  0x000001d6ccddda70 ConcurrentGCThread "G1 Main Marker" [stack: 0x000000c60b100000,0x000000c60b200000] [id=10540]
  0x000001d6ccdde480 ConcurrentGCThread "G1 Conc#0" [stack: 0x000000c60b200000,0x000000c60b300000] [id=5800]

[error occurred during error reporting (printing all threads), id 0xc0000005, EXCEPTION_ACCESS_VIOLATION (0xc0000005) at pc=0x00007ffeaec92087]

VM state: not at safepoint (not fully initialized)

VM Mutex/Monitor currently owned by a thread:  ([mutex/lock_event])
[0x000001d6ccd98310] Heap_lock - owner thread: 0x000001d6ccd9bd40

Heap address: 0x00000000c8e00000, size: 882 MB, Compressed Oops mode: 32-bit

CDS archive(s) mapped at: [0x0000000000000000-0x0000000000000000-0x0000000000000000), size 0, SharedBaseAddress: 0x0000000800000000, ArchiveRelocationMode: 0.
Narrow klass base: 0x0000000000000000, Narrow klass shift: 0, Narrow klass range: 0x0

GC Precious Log:
<Empty>

Heap:
 garbage-first heap   total 0K, used 0K [0x00000000c8e00000, 0x0000000100000000)
  region size 1024K, 0 young (0K), 0 survivors (0K)
 Metaspace       used 0K, committed 0K, reserved 0K
  class space    used 0K, committed 0K, reserved 0K

Heap Regions: E=young(eden), S=young(survivor), O=old, HS=humongous(starts), HC=humongous(continues), CS=collection set, F=free, OA=open archive, CA=closed archive, TAMS=top-at-mark-start (previous, next)

Card table byte_map: [0x000001d6df270000,0x000001d6df430000] _byte_map_base: 0x000001d6dec29000

Marking Bits (Prev, Next): (CMBitMap*) 0x000001d6ccdd6300, (CMBitMap*) 0x000001d6ccdd6340
 Prev Bits: [0x000001d6df5f0000, 0x000001d6e03b8000)
 Next Bits: [0x000001d6e03c0000, 0x000001d6e1188000)

GC Heap History (0 events):
No events

Dll operation events (1 events):
Event: 0.080 Loaded shared library D:\Android\jbr\bin\java.dll

Deoptimization events (0 events):
No events

Classes unloaded (0 events):
No events

Classes redefined (0 events):
No events

Internal exceptions (0 events):
No events

VM Operations (0 events):
No events

Events (0 events):
No events


Dynamic libraries:
0x00007ff6896b0000 - 0x00007ff6896ba000 	D:\Android\jbr\bin\java.exe
0x00007fff28e30000 - 0x00007fff29047000 	C:\WINDOWS\SYSTEM32\ntdll.dll
0x00007fff27e90000 - 0x00007fff27f54000 	C:\WINDOWS\System32\KERNEL32.DLL
0x00007fff26700000 - 0x00007fff26aa6000 	C:\WINDOWS\System32\KERNELBASE.dll
0x00007fff264c0000 - 0x00007fff265d1000 	C:\WINDOWS\System32\ucrtbase.dll
0x00007ffef8a40000 - 0x00007ffef8a57000 	D:\Android\jbr\bin\jli.dll
0x00007fff26ed0000 - 0x00007fff2707e000 	C:\WINDOWS\System32\USER32.dll
0x00007fff26ab0000 - 0x00007fff26ad6000 	C:\WINDOWS\System32\win32u.dll
0x00007fff28120000 - 0x00007fff28149000 	C:\WINDOWS\System32\GDI32.dll
0x00007fff0bb70000 - 0x00007fff0bb8b000 	D:\Android\jbr\bin\VCRUNTIME140.dll
0x00007fff15d90000 - 0x00007fff16023000 	C:\WINDOWS\WinSxS\amd64_microsoft.windows.common-controls_6595b64144ccf1df_6.0.22621.2506_none_270c5ae97388e100\COMCTL32.dll
0x00007fff265e0000 - 0x00007fff266f8000 	C:\WINDOWS\System32\gdi32full.dll
0x00007fff26ae0000 - 0x00007fff26b7a000 	C:\WINDOWS\System32\msvcp_win.dll
0x00007fff28420000 - 0x00007fff284c7000 	C:\WINDOWS\System32\msvcrt.dll
0x00007fff273f0000 - 0x00007fff27421000 	C:\WINDOWS\System32\IMM32.DLL
0x00007fff15b40000 - 0x00007fff15b4c000 	D:\Android\jbr\bin\vcruntime140_1.dll
0x00007ffef7c80000 - 0x00007ffef7d0d000 	D:\Android\jbr\bin\msvcp140.dll
0x00007ffeae9a0000 - 0x00007ffeaf620000 	D:\Android\jbr\bin\server\jvm.dll
0x00007fff277c0000 - 0x00007fff27873000 	C:\WINDOWS\System32\ADVAPI32.dll
0x00007fff272b0000 - 0x00007fff27358000 	C:\WINDOWS\System32\sechost.dll
0x00007fff261e0000 - 0x00007fff26208000 	C:\WINDOWS\System32\bcrypt.dll
0x00007fff26c60000 - 0x00007fff26d77000 	C:\WINDOWS\System32\RPCRT4.dll
0x00007fff20500000 - 0x00007fff20509000 	C:\WINDOWS\SYSTEM32\WSOCK32.dll
0x00007fff27e10000 - 0x00007fff27e81000 	C:\WINDOWS\System32\WS2_32.dll
0x00007fff1fcc0000 - 0x00007fff1fcf4000 	C:\WINDOWS\SYSTEM32\WINMM.dll
0x00007fff1fd00000 - 0x00007fff1fd0a000 	C:\WINDOWS\SYSTEM32\VERSION.dll
0x00007fff25170000 - 0x00007fff25188000 	C:\WINDOWS\SYSTEM32\kernel.appcore.dll
0x00007fff204f0000 - 0x00007fff204fa000 	D:\Android\jbr\bin\jimage.dll
0x00007fff23cf0000 - 0x00007fff23f23000 	C:\WINDOWS\SYSTEM32\DBGHELP.DLL
0x00007fff27430000 - 0x00007fff277b9000 	C:\WINDOWS\System32\combase.dll
0x00007fff26b80000 - 0x00007fff26c57000 	C:\WINDOWS\System32\OLEAUT32.dll
0x00007fff09120000 - 0x00007fff09152000 	C:\WINDOWS\SYSTEM32\dbgcore.DLL
0x00007fff26210000 - 0x00007fff2628a000 	C:\WINDOWS\System32\bcryptPrimitives.dll
0x00007fff1c310000 - 0x00007fff1c335000 	D:\Android\jbr\bin\java.dll

dbghelp: loaded successfully - version: 4.0.5 - missing functions: none
symbol engine: initialized successfully - sym options: 0x614 - pdb path: .;D:\Android\jbr\bin;C:\WINDOWS\SYSTEM32;C:\WINDOWS\WinSxS\amd64_microsoft.windows.common-controls_6595b64144ccf1df_6.0.22621.2506_none_270c5ae97388e100;D:\Android\jbr\bin\server

VM Arguments:
java_command: org.jetbrains.kotlin.cli.jvm.K2JVMCompiler @D:\Android Project\Practice\FoodApp\app\build\20240309_16875961459557950260.compiler.options
java_class_path (initial): C:\Users\Acer\.gradle\caches\modules-2\files-2.1\org.jetbrains.kotlin\kotlin-compiler-embeddable\1.9.22\9cd4dc7773cf2a99ecd961a88fbbc9a2da3fb5e1\kotlin-compiler-embeddable-1.9.22.jar;C:\Users\Acer\.gradle\caches\modules-2\files-2.1\org.jetbrains.kotlin\kotlin-stdlib\1.9.22\d6c44cd08d8f3f9bece8101216dbe6553365c6e3\kotlin-stdlib-1.9.22.jar;C:\Users\Acer\.gradle\caches\modules-2\files-2.1\org.jetbrains.kotlin\kotlin-script-runtime\1.9.22\f8139a46fc677ec9badc49ae954392f4f5e7e7c7\kotlin-script-runtime-1.9.22.jar;C:\Users\Acer\.gradle\caches\modules-2\files-2.1\org.jetbrains.kotlin\kotlin-reflect\1.6.10\1cbe9c92c12a94eea200d23c2bbaedaf3daf5132\kotlin-reflect-1.6.10.jar;C:\Users\Acer\.gradle\caches\modules-2\files-2.1\org.jetbrains.kotlin\kotlin-daemon-embeddable\1.9.22\20e2c5df715f3240c765cfc222530e2796542021\kotlin-daemon-embeddable-1.9.22.jar;C:\Users\Acer\.gradle\caches\modules-2\files-2.1\org.jetbrains.intellij.deps\trove4j\1.0.20200330\3afb14d5f9ceb459d724e907a21145e8ff394f02\trove4j-1.0.20200330.jar;C:\Users\Acer\.gradle\caches\modules-2\files-2.1\org.jetbrains\annotations\13.0\919f0dfe192fb4e063e7dacadee7f8bb9a2672a9\annotations-13.0.jar
Launcher Type: SUN_STANDARD

[Global flags]
     intx CICompilerCount                          = 3                                         {product} {ergonomic}
     uint ConcGCThreads                            = 1                                         {product} {ergonomic}
     uint G1ConcRefinementThreads                  = 4                                         {product} {ergonomic}
   size_t G1HeapRegionSize                         = 1048576                                   {product} {ergonomic}
    uintx GCDrainStackTargetSize                   = 64                                        {product} {ergonomic}
   size_t InitialHeapSize                          = 58720256                                  {product} {ergonomic}
   size_t MarkStackSize                            = 4194304                                   {product} {ergonomic}
   size_t MaxHeapSize                              = 924844032                                 {product} {ergonomic}
   size_t MinHeapDeltaBytes                        = 1048576                                   {product} {ergonomic}
   size_t MinHeapSize                              = 8388608                                   {product} {ergonomic}
    uintx NonNMethodCodeHeapSize                   = 5832780                                {pd product} {ergonomic}
    uintx NonProfiledCodeHeapSize                  = 122912730                              {pd product} {ergonomic}
    uintx ProfiledCodeHeapSize                     = 122912730                              {pd product} {ergonomic}
    uintx ReservedCodeCacheSize                    = 251658240                              {pd product} {ergonomic}
     bool SegmentedCodeCache                       = true                                      {product} {ergonomic}
   size_t SoftMaxHeapSize                          = 924844032                              {manageable} {ergonomic}
     bool UseCompressedClassPointers               = true                           {product lp64_product} {ergonomic}
     bool UseCompressedOops                        = true                           {product lp64_product} {ergonomic}
     bool UseG1GC                                  = true                                      {product} {ergonomic}
     bool UseLargePagesIndividualAllocation        = false                                  {pd product} {ergonomic}

Logging:
Log output configuration:
 #0: stdout all=warning uptime,level,tags
 #1: stderr all=off uptime,level,tags

Environment Variables:
PATH=C:\Program Files\Common Files\Oracle\Java\javapath;C:\WINDOWS\system32;C:\WINDOWS;C:\WINDOWS\System32\Wbem;C:\WINDOWS\System32\WindowsPowerShell\v1.0\;C:\WINDOWS\System32\OpenSSH\;D:\MinGW\bin;C:\Program Files (x86)\Git\cmd;D:\xampp\php;C:\ProgramData\ComposerSetup\bin;C:\WINDOWS\system32\config\systemprofile\AppData\Roaming\Composer\vendor\bin;C:\Program Files\Java\jdk-19\bin;C:\Users\Acer\AppData\Local\Programs\Python\Launcher\;C:\Users\Acer\AppData\Local\Microsoft\WindowsApps;C:\Users\Acer\AppData\Local\GitHubDesktop\bin;C:\Users\Acer\AppData\Roaming\Composer\vendor\bin;C:\Users\Acer\AppData\Roaming\TinyTeX\bin\windows;D:\JetBrain Idea\IntelliJ IDEA Community Edition 2023.3.4\bin;
USERNAME=Acer
OS=Windows_NT
PROCESSOR_IDENTIFIER=AMD64 Family 23 Model 24 Stepping 1, AuthenticAMD
TMP=C:\Users\Acer\AppData\Local\Temp
TEMP=C:\Users\Acer\AppData\Local\Temp


JNI global refs:
JNI global refs: 0, weak refs: 0

JNI global refs memory usage: 0, weak refs: 0

OOME stack traces (most recent first):
Classloader memory used:


---------------  S Y S T E M  ---------------

OS:
 Windows 11 , 64 bit Build 22621 (10.0.22621.3085)
OS uptime: 1 days 1:01 hours
Hyper-V role detected

CPU: total 4 (initial active 4) (4 cores per cpu, 2 threads per core) family 23 model 24 stepping 1 microcode 0x0, cx8, cmov, fxsr, ht, mmx, 3dnowpref, sse, sse2, sse3, ssse3, sse4a, sse4.1, sse4.2, popcnt, lzcnt, tsc, tscinvbit, avx, avx2, aes, clmul, bmi1, bmi2, adx, sha, fma, vzeroupper, clflush, clflushopt, hv

Memory: 4k page, system-wide physical 3521M (221M free)
TotalPageFile size 14273M (AvailPageFile size 32M)
current process WorkingSet (physical memory assigned to process): 10M, peak: 10M
current process commit charge ("private bytes"): 51M, peak: 107M

vm_info: OpenJDK 64-Bit Server VM (17.0.7+0-b2043.56-10550314) for windows-amd64 JRE (17.0.7+0-b2043.56-10550314), built on Jul 24 2023 18:27:45 by "androidbuild" with MS VC++ 16.10 / 16.11 (VS2019)

END.
